<?xml version="1.0" encoding="UTF-8"?>
<!-- Generated by org.testng.reporters.JUnitXMLReporter -->
<testsuite ignored="0" hostname="PRATHAMs-MacBook-Air.local" failures="0" tests="7" name="TestNg Framework" time="10.771" errors="0" timestamp="2024-03-08T23:33:15 IST">
  <testcase classname="com.testNg.testcases.SearchPage" name="@BeforeMethod setUp" time="0.847">
    <failure type="java.lang.NullPointerException" message="Cannot invoke &amp;quot;java.util.Properties.getProperty(String)&amp;quot; because &amp;quot;this.prop&amp;quot; is null">
      <![CDATA[java.lang.NullPointerException: Cannot invoke "java.util.Properties.getProperty(String)" because "this.prop" is null
at com.testNg.base.TestBase.initializeBrowser(TestBase.java:70)
at com.testNg.testcases.SearchPage.setUp(SearchPage.java:18)
at java.base/java.util.ArrayList.forEach(ArrayList.java:1511)
... Removed 31 stack frames]]>
    </failure>
  </testcase> <!-- @BeforeMethod setUp -->
  <testcase classname="com.testNg.testcases.SearchPage" name="@AfterMethod tearDown" time="-1.709920995878E9">
    <skipped/>
  </testcase> <!-- @AfterMethod tearDown -->
  <testcase classname="com.testNg.testcases.SearchPage" name="@BeforeMethod setUp" time="-1.709920995878E9">
    <skipped/>
  </testcase> <!-- @BeforeMethod setUp -->
  <testcase classname="com.testNg.testcases.SearchPage" name="@AfterMethod tearDown" time="-1.70992099588E9">
    <skipped/>
  </testcase> <!-- @AfterMethod tearDown -->
  <testcase classname="com.testNg.testcases.SearchPage" name="@BeforeMethod setUp" time="-1.709920995881E9">
    <skipped/>
  </testcase> <!-- @BeforeMethod setUp -->
  <testcase classname="com.testNg.testcases.SearchPage" name="@AfterMethod tearDown" time="-1.709920995882E9">
    <skipped/>
  </testcase> <!-- @AfterMethod tearDown -->
  <testcase classname="com.testNg.testcases.RegisterPage" name="verifyRegisteringAccountWithMandatoryFeilds" time="0.926"/>
  <testcase classname="com.testNg.testcases.RegisterPage" name="verifyRegisteringAccountWithoutFillingAnyDetails" time="0.482"/>
  <testcase classname="com.testNg.testcases.LoginPage" name="verifyLoginWithValidCredentials" time="0.652"/>
  <testcase classname="com.testNg.testcases.LoginPage" name="verifyLoginWithInValidCredentials" time="0.65"/>
  <testcase classname="com.testNg.testcases.SearchPage" name="verifySearchWithValidProduct" time="0.0">
    <skipped/>
  </testcase> <!-- verifySearchWithValidProduct -->
  <testcase classname="com.testNg.testcases.SearchPage" name="verifySearchWithInvalidProduct" time="0.0">
    <skipped/>
  </testcase> <!-- verifySearchWithInvalidProduct -->
  <testcase classname="com.testNg.testcases.SearchPage" name="verifySearchWithoutAnyProduct" time="0.0">
    <skipped/>
  </testcase> <!-- verifySearchWithoutAnyProduct -->
</testsuite> <!-- TestNg Framework -->
