<?xml version="1.0" encoding="UTF-8"?>
<!-- Generated by org.testng.reporters.JUnitXMLReporter -->
<testsuite ignored="0" hostname="PRATHAMs-MacBook-Air.local" failures="1" tests="11" name="Test" time="26.541" errors="0" timestamp="2024-03-12T23:50:49 IST">
  <testcase classname="com.test.testcases.LoginTest" name="verifyLoginWithValidCredentials" time="0.479"/>
  <testcase classname="com.test.testcases.LoginTest" name="verifyLoginWithValidCredentials" time="0.468"/>
  <testcase classname="com.test.testcases.LoginTest" name="verifyLoginWithValidCredentials" time="0.469"/>
  <testcase classname="com.test.testcases.LoginTest" name="verifyLoginWithValidCredentials" time="0.497"/>
  <testcase classname="com.test.testcases.LoginTest" name="verifyLoginWithInValidCredentials" time="0.383"/>
  <testcase classname="com.test.testcases.LoginTest" name="verifyLoginWithInValidCredentials" time="0.399"/>
  <testcase classname="com.test.testcases.RegisterTest" name="verifyRegisteringAccountWithMandatoryFeilds" time="0.782"/>
  <testcase classname="com.test.testcases.RegisterTest" name="verifyRegisteringAccountWithoutFillingAnyDetails" time="0.315"/>
  <testcase classname="com.test.testcases.SearchTest" name="verifySearchWithValidProduct" time="0.313">
    <failure type="java.lang.AssertionError" message="Product Available expected [HP LP30650] but found [HP LP3065]">
      <![CDATA[java.lang.AssertionError: Product Available expected [HP LP30650] but found [HP LP3065]
at com.test.testcases.SearchTest.verifySearchWithValidProduct(SearchTest.java:46)
at java.base/java.util.ArrayList.forEach(ArrayList.java:1511)
... Removed 32 stack frames]]>
    </failure>
  </testcase> <!-- verifySearchWithValidProduct -->
  <testcase classname="com.test.testcases.SearchTest" name="verifySearchWithInvalidProduct" time="0.226"/>
  <testcase classname="com.test.testcases.SearchTest" name="verifySearchWithoutAnyProduct" time="0.206"/>
</testsuite> <!-- Test -->
